<?xml version="1.0" encoding="UTF-8"?>
<!-- Generated by org.testng.reporters.JUnitReportReporter -->
<testsuite hostname="DESKTOP-REET03P" failures="0" tests="1" name="RunnerFile.Runner" time="6.793" errors="0" timestamp="2024-09-10T13:00:40 IST" skipped="0">
  <testcase classname="RunnerFile.Runner" name="runScenario" time="6.793"/>
  <system-out/>
</testsuite> <!-- RunnerFile.Runner -->
